<?xml version="1.0" encoding="UTF-8"?>
<testng-results ignored="0" total="2" passed="2" failed="0" skipped="0">
  <reporter-output>
  </reporter-output>
  <suite started-at="2023-04-16T19:10:21 IST" name="Default suite" finished-at="2023-04-16T19:11:14 IST" duration-ms="53184">
    <groups>
      <group name="cucumber">
        <method signature="AbstractTestNGCucumberTests.runScenario(io.cucumber.testng.PickleWrapper,io.cucumber.testng.FeatureWrapper)[pri:0, instance:cucumberoptions.TestNGTestRunner@359df09a]" name="runScenario" class="io.cucumber.testng.AbstractTestNGCucumberTests"/>
      </group> <!-- cucumber -->
    </groups>
    <test started-at="2023-04-16T19:10:21 IST" name="Default test" finished-at="2023-04-16T19:11:14 IST" duration-ms="53184">
      <class name="cucumberoptions.TestNGTestRunner">
        <test-method is-config="true" signature="setUpClass(org.testng.ITestContext)[pri:0, instance:cucumberoptions.TestNGTestRunner@359df09a]" started-at="2023-04-16T19:10:21 IST" name="setUpClass" finished-at="2023-04-16T19:10:21 IST" duration-ms="321" status="PASS">
          <params>
            <param index="0">
              <value>
                <![CDATA[org.testng.TestRunner@4fe64d23]]>
              </value>
            </param>
          </params>
          <reporter-output>
          </reporter-output>
        </test-method> <!-- setUpClass -->
        <test-method signature="runScenario(io.cucumber.testng.PickleWrapper,io.cucumber.testng.FeatureWrapper)[pri:0, instance:cucumberoptions.TestNGTestRunner@359df09a]" started-at="2023-04-16T19:10:21 IST" name="runScenario" description="Runs Cucumber Scenarios" data-provider="scenarios" finished-at="2023-04-16T19:10:47 IST" duration-ms="26170" status="PASS">
          <params>
            <param index="0">
              <value>
                <![CDATA["Checkout the order for Product without Login"]]>
              </value>
            </param>
            <param index="1">
              <value>
                <![CDATA["Checkout the order for Product"]]>
              </value>
            </param>
          </params>
          <reporter-output>
          </reporter-output>
        </test-method> <!-- runScenario -->
        <test-method signature="runScenario(io.cucumber.testng.PickleWrapper,io.cucumber.testng.FeatureWrapper)[pri:0, instance:cucumberoptions.TestNGTestRunner@359df09a]" started-at="2023-04-16T19:10:47 IST" name="runScenario" description="Runs Cucumber Scenarios" data-provider="scenarios" finished-at="2023-04-16T19:11:14 IST" duration-ms="26378" status="PASS">
          <params>
            <param index="0">
              <value>
                <![CDATA["Checkout the order for Product with invalid Login credentials"]]>
              </value>
            </param>
            <param index="1">
              <value>
                <![CDATA["Checkout the order for Product"]]>
              </value>
            </param>
          </params>
          <reporter-output>
          </reporter-output>
        </test-method> <!-- runScenario -->
        <test-method is-config="true" signature="tearDownClass()[pri:0, instance:cucumberoptions.TestNGTestRunner@359df09a]" started-at="2023-04-16T19:11:14 IST" name="tearDownClass" finished-at="2023-04-16T19:11:14 IST" duration-ms="197" status="PASS">
          <reporter-output>
          </reporter-output>
        </test-method> <!-- tearDownClass -->
      </class> <!-- cucumberoptions.TestNGTestRunner -->
    </test> <!-- Default test -->
  </suite> <!-- Default suite -->
</testng-results>
